<?xml version="1.0" encoding="UTF-8"?>
<!-- Generated by org.testng.reporters.JUnitReportReporter -->
<testsuite hostname="welcome-PC" name="testCases.ApplicationTest" tests="3" failures="0" timestamp="12 Jun 2018 06:28:25 GMT" time="0.033" errors="0">
  <testcase name="doPasswordChangeTest" time="0.002" classname="testCases.ApplicationTest"/>
  <testcase name="logOutTest" time="0.004" classname="testCases.ApplicationTest"/>
  <testcase name="dologinTest" time="0.027" classname="testCases.ApplicationTest"/>
</testsuite> <!-- testCases.ApplicationTest -->
