<?xml version="1.0" encoding="UTF-8"?>
<!-- Generated by org.testng.reporters.JUnitReportReporter -->
<testsuite hostname="welcome-PC" name="ApplicationTest" tests="3" failures="0" timestamp="10 Jun 2018 13:36:43 GMT" time="0.018" errors="0">
  <testcase name="logOutTest" time="0.002" classname="ApplicationTest"/>
  <testcase name="dologinTest" time="0.010" classname="ApplicationTest"/>
  <testcase name="doPasswordChangeTest" time="0.006" classname="ApplicationTest"/>
</testsuite> <!-- ApplicationTest -->
