<?xml version="1.0" encoding="UTF-8"?>
<!-- Generated by org.testng.reporters.JUnitReportReporter -->
<testsuite hostname="welcome-PC" name="testCases.ApplicationTest" tests="3" failures="0" timestamp="12 Jun 2018 06:19:44 GMT" time="0.008" errors="0">
  <testcase name="logOutTest" time="0.004" classname="testCases.ApplicationTest"/>
  <testcase name="dologinTest" time="0.001" classname="testCases.ApplicationTest"/>
  <testcase name="doPasswordChangeTest" time="0.003" classname="testCases.ApplicationTest"/>
</testsuite> <!-- testCases.ApplicationTest -->
